<?xml version="1.0" encoding="UTF-8"?>
<coverage generated="1677680680995" clover="3.2.0">
  <project timestamp="1677680680995" name="All files">
    <metrics statements="134" coveredstatements="28" conditionals="30" coveredconditionals="5" methods="36" coveredmethods="3" elements="200" coveredelements="36" complexity="0" loc="134" ncloc="134" packages="3" files="19" classes="19"/>
    <package name="src">
      <metrics statements="7" coveredstatements="5" conditionals="4" coveredconditionals="2" methods="2" coveredmethods="2"/>
      <file name="App.jsx" path="/Users/gaba/Documents/GABA/BOOTCAMP LABORATORIA /PROYECTOS/DEV001-notes/lab-notes/src/App.jsx">
        <metrics statements="6" coveredstatements="5" conditionals="4" coveredconditionals="2" methods="2" coveredmethods="2"/>
        <line num="21" count="1" type="stmt"/>
        <line num="24" count="1" type="stmt"/>
        <line num="25" count="1" type="cond" truecount="1" falsecount="1"/>
        <line num="26" count="0" type="stmt"/>
        <line num="28" count="1" type="stmt"/>
        <line num="32" count="1" type="stmt"/>
      </file>
      <file name="main.jsx" path="/Users/gaba/Documents/GABA/BOOTCAMP LABORATORIA /PROYECTOS/DEV001-notes/lab-notes/src/main.jsx">
        <metrics statements="1" coveredstatements="0" conditionals="0" coveredconditionals="0" methods="0" coveredmethods="0"/>
        <line num="12" count="0" type="stmt"/>
      </file>
    </package>
    <package name="src.Components">
      <metrics statements="59" coveredstatements="10" conditionals="12" coveredconditionals="3" methods="24" coveredmethods="1"/>
      <file name="EditNoteModal.jsx" path="/Users/gaba/Documents/GABA/BOOTCAMP LABORATORIA /PROYECTOS/DEV001-notes/lab-notes/src/Components/EditNoteModal.jsx">
        <metrics statements="13" coveredstatements="1" conditionals="0" coveredconditionals="0" methods="6" coveredmethods="0"/>
        <line num="4" count="1" type="stmt"/>
        <line num="6" count="0" type="stmt"/>
        <line num="7" count="0" type="stmt"/>
        <line num="10" count="0" type="stmt"/>
        <line num="12" count="0" type="stmt"/>
        <line num="13" count="0" type="stmt"/>
        <line num="14" count="0" type="stmt"/>
        <line num="15" count="0" type="stmt"/>
        <line num="16" count="0" type="stmt"/>
        <line num="17" count="0" type="stmt"/>
        <line num="21" count="0" type="stmt"/>
        <line num="32" count="0" type="stmt"/>
        <line num="44" count="0" type="stmt"/>
      </file>
      <file name="Home.jsx" path="/Users/gaba/Documents/GABA/BOOTCAMP LABORATORIA /PROYECTOS/DEV001-notes/lab-notes/src/Components/Home.jsx">
        <metrics statements="11" coveredstatements="4" conditionals="8" coveredconditionals="3" methods="3" coveredmethods="1"/>
        <line num="8" count="1" type="stmt"/>
        <line num="10" count="1" type="stmt"/>
        <line num="12" count="1" type="stmt"/>
        <line num="13" count="0" type="stmt"/>
        <line num="14" count="0" type="stmt"/>
        <line num="15" count="0" type="stmt"/>
        <line num="17" count="0" type="cond" truecount="0" falsecount="2"/>
        <line num="18" count="0" type="stmt"/>
        <line num="20" count="0" type="stmt"/>
        <line num="23" count="1" type="stmt"/>
        <line num="59" count="0" type="stmt"/>
      </file>
      <file name="HomeItems.jsx" path="/Users/gaba/Documents/GABA/BOOTCAMP LABORATORIA /PROYECTOS/DEV001-notes/lab-notes/src/Components/HomeItems.jsx">
        <metrics statements="2" coveredstatements="1" conditionals="0" coveredconditionals="0" methods="1" coveredmethods="0"/>
        <line num="3" count="1" type="stmt"/>
        <line num="4" count="0" type="stmt"/>
      </file>
      <file name="Muro.jsx" path="/Users/gaba/Documents/GABA/BOOTCAMP LABORATORIA /PROYECTOS/DEV001-notes/lab-notes/src/Components/Muro.jsx">
        <metrics statements="11" coveredstatements="1" conditionals="4" coveredconditionals="0" methods="6" coveredmethods="0"/>
        <line num="10" count="1" type="stmt"/>
        <line num="11" count="0" type="stmt"/>
        <line num="12" count="0" type="stmt"/>
        <line num="14" count="0" type="stmt"/>
        <line num="17" count="0" type="stmt"/>
        <line num="20" count="0" type="stmt"/>
        <line num="21" count="0" type="stmt"/>
        <line num="24" count="0" type="stmt"/>
        <line num="25" count="0" type="stmt"/>
        <line num="27" count="0" type="stmt"/>
        <line num="34" count="0" type="stmt"/>
      </file>
      <file name="Navbar.jsx" path="/Users/gaba/Documents/GABA/BOOTCAMP LABORATORIA /PROYECTOS/DEV001-notes/lab-notes/src/Components/Navbar.jsx">
        <metrics statements="2" coveredstatements="1" conditionals="0" coveredconditionals="0" methods="1" coveredmethods="0"/>
        <line num="5" count="1" type="stmt"/>
        <line num="7" count="0" type="stmt"/>
      </file>
      <file name="NoteForm.jsx" path="/Users/gaba/Documents/GABA/BOOTCAMP LABORATORIA /PROYECTOS/DEV001-notes/lab-notes/src/Components/NoteForm.jsx">
        <metrics statements="11" coveredstatements="1" conditionals="0" coveredconditionals="0" methods="2" coveredmethods="0"/>
        <line num="4" count="1" type="stmt"/>
        <line num="6" count="0" type="stmt"/>
        <line num="7" count="0" type="stmt"/>
        <line num="8" count="0" type="stmt"/>
        <line num="9" count="0" type="stmt"/>
        <line num="12" count="0" type="stmt"/>
        <line num="13" count="0" type="stmt"/>
        <line num="14" count="0" type="stmt"/>
        <line num="15" count="0" type="stmt"/>
        <line num="17" count="0" type="stmt"/>
        <line num="19" count="0" type="stmt"/>
      </file>
      <file name="NotesPending.jsx" path="/Users/gaba/Documents/GABA/BOOTCAMP LABORATORIA /PROYECTOS/DEV001-notes/lab-notes/src/Components/NotesPending.jsx">
        <metrics statements="9" coveredstatements="1" conditionals="0" coveredconditionals="0" methods="5" coveredmethods="0"/>
        <line num="4" count="1" type="stmt"/>
        <line num="6" count="0" type="stmt"/>
        <line num="7" count="0" type="stmt"/>
        <line num="8" count="0" type="stmt"/>
        <line num="9" count="0" type="stmt"/>
        <line num="11" count="0" type="stmt"/>
        <line num="15" count="0" type="stmt"/>
        <line num="29" count="0" type="stmt"/>
        <line num="30" count="0" type="stmt"/>
      </file>
    </package>
    <package name="src.Function_Firebase">
      <metrics statements="68" coveredstatements="13" conditionals="14" coveredconditionals="0" methods="10" coveredmethods="0"/>
      <file name="Alert.js" path="/Users/gaba/Documents/GABA/BOOTCAMP LABORATORIA /PROYECTOS/DEV001-notes/lab-notes/src/Function_Firebase/Alert.js">
        <metrics statements="3" coveredstatements="1" conditionals="0" coveredconditionals="0" methods="1" coveredmethods="0"/>
        <line num="3" count="1" type="stmt"/>
        <line num="4" count="0" type="stmt"/>
        <line num="5" count="0" type="stmt"/>
      </file>
      <file name="CreateNote.js" path="/Users/gaba/Documents/GABA/BOOTCAMP LABORATORIA /PROYECTOS/DEV001-notes/lab-notes/src/Function_Firebase/CreateNote.js">
        <metrics statements="6" coveredstatements="1" conditionals="0" coveredconditionals="0" methods="1" coveredmethods="0"/>
        <line num="5" count="1" type="stmt"/>
        <line num="6" count="0" type="stmt"/>
        <line num="7" count="0" type="stmt"/>
        <line num="8" count="0" type="stmt"/>
        <line num="9" count="0" type="stmt"/>
        <line num="11" count="0" type="stmt"/>
      </file>
      <file name="EditNote.js" path="/Users/gaba/Documents/GABA/BOOTCAMP LABORATORIA /PROYECTOS/DEV001-notes/lab-notes/src/Function_Firebase/EditNote.js">
        <metrics statements="7" coveredstatements="1" conditionals="0" coveredconditionals="0" methods="1" coveredmethods="0"/>
        <line num="5" count="1" type="stmt"/>
        <line num="6" count="0" type="stmt"/>
        <line num="7" count="0" type="stmt"/>
        <line num="8" count="0" type="stmt"/>
        <line num="9" count="0" type="stmt"/>
        <line num="10" count="0" type="stmt"/>
        <line num="12" count="0" type="stmt"/>
      </file>
      <file name="LogGoogle.js" path="/Users/gaba/Documents/GABA/BOOTCAMP LABORATORIA /PROYECTOS/DEV001-notes/lab-notes/src/Function_Firebase/LogGoogle.js">
        <metrics statements="5" coveredstatements="1" conditionals="0" coveredconditionals="0" methods="1" coveredmethods="0"/>
        <line num="8" count="1" type="stmt"/>
        <line num="9" count="0" type="stmt"/>
        <line num="10" count="0" type="stmt"/>
        <line num="11" count="0" type="stmt"/>
        <line num="13" count="0" type="stmt"/>
      </file>
      <file name="LogOut.js" path="/Users/gaba/Documents/GABA/BOOTCAMP LABORATORIA /PROYECTOS/DEV001-notes/lab-notes/src/Function_Firebase/LogOut.js">
        <metrics statements="4" coveredstatements="1" conditionals="0" coveredconditionals="0" methods="1" coveredmethods="0"/>
        <line num="4" count="1" type="stmt"/>
        <line num="5" count="0" type="stmt"/>
        <line num="6" count="0" type="stmt"/>
        <line num="8" count="0" type="stmt"/>
      </file>
      <file name="ReadAllNotes.js" path="/Users/gaba/Documents/GABA/BOOTCAMP LABORATORIA /PROYECTOS/DEV001-notes/lab-notes/src/Function_Firebase/ReadAllNotes.js">
        <metrics statements="8" coveredstatements="1" conditionals="0" coveredconditionals="0" methods="2" coveredmethods="0"/>
        <line num="4" count="1" type="stmt"/>
        <line num="5" count="0" type="stmt"/>
        <line num="6" count="0" type="stmt"/>
        <line num="7" count="0" type="stmt"/>
        <line num="9" count="0" type="stmt"/>
        <line num="10" count="0" type="stmt"/>
        <line num="15" count="0" type="stmt"/>
        <line num="17" count="0" type="stmt"/>
      </file>
      <file name="Register.js" path="/Users/gaba/Documents/GABA/BOOTCAMP LABORATORIA /PROYECTOS/DEV001-notes/lab-notes/src/Function_Firebase/Register.js">
        <metrics statements="11" coveredstatements="1" conditionals="6" coveredconditionals="0" methods="1" coveredmethods="0"/>
        <line num="5" count="1" type="stmt"/>
        <line num="6" count="0" type="stmt"/>
        <line num="7" count="0" type="stmt"/>
        <line num="8" count="0" type="stmt"/>
        <line num="10" count="0" type="stmt"/>
        <line num="11" count="0" type="cond" truecount="0" falsecount="2"/>
        <line num="12" count="0" type="stmt"/>
        <line num="14" count="0" type="cond" truecount="0" falsecount="2"/>
        <line num="15" count="0" type="stmt"/>
        <line num="17" count="0" type="cond" truecount="0" falsecount="2"/>
        <line num="18" count="0" type="stmt"/>
      </file>
      <file name="RemoveNote.js" path="/Users/gaba/Documents/GABA/BOOTCAMP LABORATORIA /PROYECTOS/DEV001-notes/lab-notes/src/Function_Firebase/RemoveNote.js">
        <metrics statements="7" coveredstatements="1" conditionals="0" coveredconditionals="0" methods="1" coveredmethods="0"/>
        <line num="4" count="1" type="stmt"/>
        <line num="6" count="0" type="stmt"/>
        <line num="7" count="0" type="stmt"/>
        <line num="8" count="0" type="stmt"/>
        <line num="9" count="0" type="stmt"/>
        <line num="10" count="0" type="stmt"/>
        <line num="12" count="0" type="stmt"/>
      </file>
      <file name="SignIn.js" path="/Users/gaba/Documents/GABA/BOOTCAMP LABORATORIA /PROYECTOS/DEV001-notes/lab-notes/src/Function_Firebase/SignIn.js">
        <metrics statements="13" coveredstatements="1" conditionals="8" coveredconditionals="0" methods="1" coveredmethods="0"/>
        <line num="4" count="1" type="stmt"/>
        <line num="5" count="0" type="stmt"/>
        <line num="6" count="0" type="stmt"/>
        <line num="7" count="0" type="stmt"/>
        <line num="11" count="0" type="cond" truecount="0" falsecount="2"/>
        <line num="12" count="0" type="stmt"/>
        <line num="17" count="0" type="cond" truecount="0" falsecount="2"/>
        <line num="18" count="0" type="stmt"/>
        <line num="20" count="0" type="cond" truecount="0" falsecount="2"/>
        <line num="21" count="0" type="stmt"/>
        <line num="26" count="0" type="cond" truecount="0" falsecount="2"/>
        <line num="27" count="0" type="stmt"/>
        <line num="28" count="0" type="stmt"/>
      </file>
      <file name="dataFirebase.js" path="/Users/gaba/Documents/GABA/BOOTCAMP LABORATORIA /PROYECTOS/DEV001-notes/lab-notes/src/Function_Firebase/dataFirebase.js">
        <metrics statements="4" coveredstatements="4" conditionals="0" coveredconditionals="0" methods="0" coveredmethods="0"/>
        <line num="11" count="1" type="stmt"/>
        <line num="22" count="1" type="stmt"/>
        <line num="24" count="1" type="stmt"/>
        <line num="25" count="1" type="stmt"/>
      </file>
    </package>
  </project>
</coverage>
