{"/Users/gaba/Documents/GABA/BOOTCAMP LABORATORIA /PROYECTOS/DEV001-notes/lab-notes/src/App.jsx": {"path":"/Users/gaba/Documents/GABA/BOOTCAMP LABORATORIA /PROYECTOS/DEV001-notes/lab-notes/src/App.jsx","statementMap":{"0":{"start":{"line":21,"column":26},"end":{"line":21,"column":40}},"1":{"start":{"line":24,"column":0},"end":{"line":30,"column":3}},"2":{"start":{"line":25,"column":2},"end":{"line":29,"column":3}},"3":{"start":{"line":26,"column":0},"end":{"line":26,"column":22}},"4":{"start":{"line":28,"column":4},"end":{"line":28,"column":18}},"5":{"start":{"line":32,"column":2},"end":{"line":36,"column":1}}},"fnMap":{"0":{"name":"App","decl":{"start":{"line":19,"column":9},"end":{"line":19,"column":12}},"loc":{"start":{"line":19,"column":15},"end":{"line":37,"column":1}},"line":19},"1":{"name":"(anonymous_1)","decl":{"start":{"line":24,"column":25},"end":{"line":24,"column":26}},"loc":{"start":{"line":24,"column":41},"end":{"line":30,"column":1}},"line":24}},"branchMap":{"0":{"loc":{"start":{"line":25,"column":2},"end":{"line":29,"column":3}},"type":"if","locations":[{"start":{"line":25,"column":2},"end":{"line":29,"column":3}},{"start":{"line":27,"column":8},"end":{"line":29,"column":3}}],"line":25},"1":{"loc":{"start":{"line":34,"column":33},"end":{"line":34,"column":68}},"type":"cond-expr","locations":[{"start":{"line":34,"column":40},"end":{"line":34,"column":59}},{"start":{"line":34,"column":61},"end":{"line":34,"column":68}}],"line":34}},"s":{"0":1,"1":1,"2":1,"3":0,"4":1,"5":1},"f":{"0":1,"1":1},"b":{"0":[0,1],"1":[0,1]},"_coverageSchema":"1a1c01bbd47fc00a2c39e90264f33305004495a9","hash":"c9af9165601e61e7db3480f224c59cdf24ba8969"}
,"/Users/gaba/Documents/GABA/BOOTCAMP LABORATORIA /PROYECTOS/DEV001-notes/lab-notes/src/main.jsx": {"path":"/Users/gaba/Documents/GABA/BOOTCAMP LABORATORIA /PROYECTOS/DEV001-notes/lab-notes/src/main.jsx","statementMap":{"0":{"start":{"line":10,"column":0},"end":{"line":16,"column":4}}},"fnMap":{},"branchMap":{},"s":{"0":0},"f":{},"b":{}}
,"/Users/gaba/Documents/GABA/BOOTCAMP LABORATORIA /PROYECTOS/DEV001-notes/lab-notes/src/Components/EditNoteModal.jsx": {"path":"/Users/gaba/Documents/GABA/BOOTCAMP LABORATORIA /PROYECTOS/DEV001-notes/lab-notes/src/Components/EditNoteModal.jsx","statementMap":{"0":{"start":{"line":4,"column":22},"end":{"line":78,"column":1}},"1":{"start":{"line":6,"column":4},"end":{"line":8,"column":16}},"2":{"start":{"line":7,"column":8},"end":{"line":7,"column":27}},"3":{"start":{"line":10,"column":36},"end":{"line":10,"column":58}},"4":{"start":{"line":12,"column":26},"end":{"line":23,"column":9}},"5":{"start":{"line":13,"column":8},"end":{"line":13,"column":27}},"6":{"start":{"line":14,"column":8},"end":{"line":22,"column":15}},"7":{"start":{"line":17,"column":16},"end":{"line":17,"column":34}},"8":{"start":{"line":18,"column":16},"end":{"line":18,"column":28}},"9":{"start":{"line":21,"column":16},"end":{"line":21,"column":27}},"10":{"start":{"line":24,"column":27},"end":{"line":27,"column":9}},"11":{"start":{"line":25,"column":12},"end":{"line":25,"column":47}},"12":{"start":{"line":26,"column":12},"end":{"line":26,"column":29}},"13":{"start":{"line":30,"column":4},"end":{"line":77,"column":5}},"14":{"start":{"line":42,"column":28},"end":{"line":45,"column":31}},"15":{"start":{"line":54,"column":28},"end":{"line":57,"column":31}}},"fnMap":{"0":{"name":"(anonymous_0)","decl":{"start":{"line":4,"column":22},"end":{"line":4,"column":23}},"loc":{"start":{"line":4,"column":65},"end":{"line":78,"column":1}},"line":4},"1":{"name":"(anonymous_1)","decl":{"start":{"line":6,"column":14},"end":{"line":6,"column":15}},"loc":{"start":{"line":6,"column":20},"end":{"line":8,"column":5}},"line":6},"2":{"name":"(anonymous_2)","decl":{"start":{"line":12,"column":26},"end":{"line":12,"column":27}},"loc":{"start":{"line":12,"column":33},"end":{"line":23,"column":9}},"line":12},"3":{"name":"(anonymous_3)","decl":{"start":{"line":15,"column":18},"end":{"line":15,"column":19}},"loc":{"start":{"line":15,"column":34},"end":{"line":19,"column":13}},"line":15},"4":{"name":"(anonymous_4)","decl":{"start":{"line":20,"column":19},"end":{"line":20,"column":20}},"loc":{"start":{"line":20,"column":28},"end":{"line":22,"column":13}},"line":20},"5":{"name":"(anonymous_5)","decl":{"start":{"line":24,"column":27},"end":{"line":24,"column":28}},"loc":{"start":{"line":24,"column":33},"end":{"line":27,"column":9}},"line":24},"6":{"name":"(anonymous_6)","decl":{"start":{"line":41,"column":34},"end":{"line":41,"column":35}},"loc":{"start":{"line":41,"column":39},"end":{"line":46,"column":25}},"line":41},"7":{"name":"(anonymous_7)","decl":{"start":{"line":53,"column":34},"end":{"line":53,"column":35}},"loc":{"start":{"line":53,"column":39},"end":{"line":58,"column":25}},"line":53}},"branchMap":{},"s":{"0":2,"1":4,"2":2,"3":4,"4":4,"5":0,"6":0,"7":0,"8":0,"9":0,"10":4,"11":0,"12":0,"13":4,"14":0,"15":0},"f":{"0":4,"1":2,"2":0,"3":0,"4":0,"5":0,"6":0,"7":0},"b":{},"_coverageSchema":"1a1c01bbd47fc00a2c39e90264f33305004495a9","hash":"30ca0b77ce5a96aa290294c8a752d68f6065dbff"}
,"/Users/gaba/Documents/GABA/BOOTCAMP LABORATORIA /PROYECTOS/DEV001-notes/lab-notes/src/Components/Home.jsx": {"path":"/Users/gaba/Documents/GABA/BOOTCAMP LABORATORIA /PROYECTOS/DEV001-notes/lab-notes/src/Components/Home.jsx","statementMap":{"0":{"start":{"line":7,"column":13},"end":{"line":66,"column":1}},"1":{"start":{"line":9,"column":38},"end":{"line":9,"column":53}},"2":{"start":{"line":11,"column":26},"end":{"line":21,"column":5}},"3":{"start":{"line":12,"column":8},"end":{"line":12,"column":27}},"4":{"start":{"line":13,"column":22},"end":{"line":13,"column":42}},"5":{"start":{"line":14,"column":25},"end":{"line":14,"column":48}},"6":{"start":{"line":16,"column":8},"end":{"line":20,"column":9}},"7":{"start":{"line":17,"column":12},"end":{"line":17,"column":42}},"8":{"start":{"line":19,"column":12},"end":{"line":19,"column":42}},"9":{"start":{"line":22,"column":4},"end":{"line":65,"column":6}},"10":{"start":{"line":58,"column":35},"end":{"line":58,"column":59}}},"fnMap":{"0":{"name":"(anonymous_0)","decl":{"start":{"line":7,"column":13},"end":{"line":7,"column":14}},"loc":{"start":{"line":7,"column":19},"end":{"line":66,"column":1}},"line":7},"1":{"name":"(anonymous_1)","decl":{"start":{"line":11,"column":26},"end":{"line":11,"column":27}},"loc":{"start":{"line":11,"column":39},"end":{"line":21,"column":5}},"line":11},"2":{"name":"(anonymous_2)","decl":{"start":{"line":58,"column":29},"end":{"line":58,"column":30}},"loc":{"start":{"line":58,"column":35},"end":{"line":58,"column":59}},"line":58}},"branchMap":{"0":{"loc":{"start":{"line":16,"column":8},"end":{"line":20,"column":9}},"type":"if","locations":[{"start":{"line":16,"column":8},"end":{"line":20,"column":9}},{"start":{"line":18,"column":15},"end":{"line":20,"column":9}}],"line":16},"1":{"loc":{"start":{"line":26,"column":21},"end":{"line":26,"column":63}},"type":"cond-expr","locations":[{"start":{"line":26,"column":33},"end":{"line":26,"column":48}},{"start":{"line":26,"column":51},"end":{"line":26,"column":63}}],"line":26},"2":{"loc":{"start":{"line":48,"column":23},"end":{"line":48,"column":59}},"type":"cond-expr","locations":[{"start":{"line":48,"column":35},"end":{"line":48,"column":44}},{"start":{"line":48,"column":47},"end":{"line":48,"column":59}}],"line":48},"3":{"loc":{"start":{"line":59,"column":21},"end":{"line":61,"column":53}},"type":"cond-expr","locations":[{"start":{"line":60,"column":26},"end":{"line":60,"column":55}},{"start":{"line":61,"column":26},"end":{"line":61,"column":53}}],"line":59}},"s":{"0":2,"1":2,"2":2,"3":0,"4":0,"5":0,"6":0,"7":0,"8":0,"9":2,"10":0},"f":{"0":2,"1":0,"2":0},"b":{"0":[0,0],"1":[0,2],"2":[0,2],"3":[0,2]},"_coverageSchema":"1a1c01bbd47fc00a2c39e90264f33305004495a9","hash":"44dfde146de9ef3fc721dc5463515b042d7d3f6a"}
,"/Users/gaba/Documents/GABA/BOOTCAMP LABORATORIA /PROYECTOS/DEV001-notes/lab-notes/src/Components/Muro.jsx": {"path":"/Users/gaba/Documents/GABA/BOOTCAMP LABORATORIA /PROYECTOS/DEV001-notes/lab-notes/src/Components/Muro.jsx","statementMap":{"0":{"start":{"line":10,"column":13},"end":{"line":46,"column":1}},"1":{"start":{"line":11,"column":28},"end":{"line":19,"column":5}},"2":{"start":{"line":12,"column":8},"end":{"line":18,"column":15}},"3":{"start":{"line":14,"column":16},"end":{"line":14,"column":34}},"4":{"start":{"line":17,"column":16},"end":{"line":17,"column":27}},"5":{"start":{"line":20,"column":4},"end":{"line":22,"column":11}},"6":{"start":{"line":21,"column":8},"end":{"line":21,"column":26}},"7":{"start":{"line":24,"column":36},"end":{"line":24,"column":50}},"8":{"start":{"line":25,"column":44},"end":{"line":25,"column":58}},"9":{"start":{"line":27,"column":4},"end":{"line":44,"column":6}},"10":{"start":{"line":34,"column":24},"end":{"line":39,"column":26}}},"fnMap":{"0":{"name":"(anonymous_0)","decl":{"start":{"line":10,"column":13},"end":{"line":10,"column":14}},"loc":{"start":{"line":10,"column":23},"end":{"line":46,"column":1}},"line":10},"1":{"name":"(anonymous_1)","decl":{"start":{"line":11,"column":28},"end":{"line":11,"column":29}},"loc":{"start":{"line":11,"column":34},"end":{"line":19,"column":5}},"line":11},"2":{"name":"(anonymous_2)","decl":{"start":{"line":13,"column":18},"end":{"line":13,"column":19}},"loc":{"start":{"line":13,"column":27},"end":{"line":15,"column":13}},"line":13},"3":{"name":"(anonymous_3)","decl":{"start":{"line":16,"column":19},"end":{"line":16,"column":20}},"loc":{"start":{"line":16,"column":26},"end":{"line":18,"column":13}},"line":16},"4":{"name":"(anonymous_4)","decl":{"start":{"line":20,"column":14},"end":{"line":20,"column":15}},"loc":{"start":{"line":20,"column":20},"end":{"line":22,"column":5}},"line":20},"5":{"name":"(anonymous_5)","decl":{"start":{"line":33,"column":47},"end":{"line":33,"column":48}},"loc":{"start":{"line":34,"column":24},"end":{"line":39,"column":26}},"line":34}},"branchMap":{"0":{"loc":{"start":{"line":33,"column":21},"end":{"line":40,"column":22}},"type":"binary-expr","locations":[{"start":{"line":33,"column":21},"end":{"line":33,"column":29}},{"start":{"line":33,"column":34},"end":{"line":40,"column":21}}],"line":33}},"s":{"0":1,"1":0,"2":0,"3":0,"4":0,"5":0,"6":0,"7":0,"8":0,"9":0,"10":0},"f":{"0":0,"1":0,"2":0,"3":0,"4":0,"5":0},"b":{"0":[0,0]},"_coverageSchema":"1a1c01bbd47fc00a2c39e90264f33305004495a9","hash":"e36f252d1940b10eab6170219d614ef8f375983b"}
,"/Users/gaba/Documents/GABA/BOOTCAMP LABORATORIA /PROYECTOS/DEV001-notes/lab-notes/src/Components/Navbar.jsx": {"path":"/Users/gaba/Documents/GABA/BOOTCAMP LABORATORIA /PROYECTOS/DEV001-notes/lab-notes/src/Components/Navbar.jsx","statementMap":{"0":{"start":{"line":5,"column":15},"end":{"line":19,"column":1}},"1":{"start":{"line":7,"column":4},"end":{"line":17,"column":6}}},"fnMap":{"0":{"name":"(anonymous_0)","decl":{"start":{"line":5,"column":15},"end":{"line":5,"column":16}},"loc":{"start":{"line":5,"column":27},"end":{"line":19,"column":1}},"line":5}},"branchMap":{},"s":{"0":1,"1":0},"f":{"0":0},"b":{},"_coverageSchema":"1a1c01bbd47fc00a2c39e90264f33305004495a9","hash":"58ab457bf86292d6d47d0e3fda5442d8ab694be2"}
,"/Users/gaba/Documents/GABA/BOOTCAMP LABORATORIA /PROYECTOS/DEV001-notes/lab-notes/src/Components/NoteForm.jsx": {"path":"/Users/gaba/Documents/GABA/BOOTCAMP LABORATORIA /PROYECTOS/DEV001-notes/lab-notes/src/Components/NoteForm.jsx","statementMap":{"0":{"start":{"line":4,"column":17},"end":{"line":47,"column":1}},"1":{"start":{"line":6,"column":26},"end":{"line":18,"column":5}},"2":{"start":{"line":7,"column":8},"end":{"line":7,"column":27}},"3":{"start":{"line":8,"column":21},"end":{"line":8,"column":40}},"4":{"start":{"line":9,"column":23},"end":{"line":9,"column":44}},"5":{"start":{"line":12,"column":21},"end":{"line":12,"column":37}},"6":{"start":{"line":13,"column":8},"end":{"line":13,"column":31}},"7":{"start":{"line":15,"column":8},"end":{"line":15,"column":26}},"8":{"start":{"line":17,"column":8},"end":{"line":17,"column":26}},"9":{"start":{"line":19,"column":4},"end":{"line":45,"column":5}}},"fnMap":{"0":{"name":"(anonymous_0)","decl":{"start":{"line":4,"column":17},"end":{"line":4,"column":18}},"loc":{"start":{"line":4,"column":42},"end":{"line":47,"column":1}},"line":4},"1":{"name":"(anonymous_1)","decl":{"start":{"line":6,"column":26},"end":{"line":6,"column":27}},"loc":{"start":{"line":6,"column":39},"end":{"line":18,"column":5}},"line":6}},"branchMap":{},"s":{"0":2,"1":2,"2":0,"3":0,"4":0,"5":0,"6":0,"7":0,"8":0,"9":2},"f":{"0":2,"1":0},"b":{},"_coverageSchema":"1a1c01bbd47fc00a2c39e90264f33305004495a9","hash":"a96ecfc1d726a603e34bfa7712b9d81b019d777f"}
,"/Users/gaba/Documents/GABA/BOOTCAMP LABORATORIA /PROYECTOS/DEV001-notes/lab-notes/src/Components/NotesPending.jsx": {"path":"/Users/gaba/Documents/GABA/BOOTCAMP LABORATORIA /PROYECTOS/DEV001-notes/lab-notes/src/Components/NotesPending.jsx","statementMap":{"0":{"start":{"line":6,"column":21},"end":{"line":40,"column":1}},"1":{"start":{"line":8,"column":46},"end":{"line":8,"column":61}},"2":{"start":{"line":10,"column":26},"end":{"line":13,"column":5}},"3":{"start":{"line":11,"column":8},"end":{"line":11,"column":31}},"4":{"start":{"line":12,"column":8},"end":{"line":12,"column":31}},"5":{"start":{"line":15,"column":26},"end":{"line":17,"column":5}},"6":{"start":{"line":16,"column":8},"end":{"line":16,"column":32}},"7":{"start":{"line":19,"column":4},"end":{"line":39,"column":6}},"8":{"start":{"line":30,"column":35},"end":{"line":30,"column":71}}},"fnMap":{"0":{"name":"(anonymous_0)","decl":{"start":{"line":6,"column":21},"end":{"line":6,"column":22}},"loc":{"start":{"line":6,"column":70},"end":{"line":40,"column":1}},"line":6},"1":{"name":"(anonymous_1)","decl":{"start":{"line":10,"column":26},"end":{"line":10,"column":27}},"loc":{"start":{"line":10,"column":32},"end":{"line":13,"column":5}},"line":10},"2":{"name":"(anonymous_2)","decl":{"start":{"line":15,"column":26},"end":{"line":15,"column":27}},"loc":{"start":{"line":15,"column":32},"end":{"line":17,"column":5}},"line":15},"3":{"name":"(anonymous_3)","decl":{"start":{"line":30,"column":29},"end":{"line":30,"column":30}},"loc":{"start":{"line":30,"column":35},"end":{"line":30,"column":71}},"line":30}},"branchMap":{"0":{"loc":{"start":{"line":31,"column":13},"end":{"line":37,"column":13}},"type":"binary-expr","locations":[{"start":{"line":31,"column":13},"end":{"line":31,"column":26}},{"start":{"line":32,"column":16},"end":{"line":36,"column":18}}],"line":31}},"s":{"0":2,"1":6,"2":6,"3":2,"4":2,"5":6,"6":0,"7":6,"8":1},"f":{"0":6,"1":2,"2":0,"3":1},"b":{"0":[6,2]},"_coverageSchema":"1a1c01bbd47fc00a2c39e90264f33305004495a9","hash":"f010e3ef74ab1d74f8c7e5a3540d6dfbd523b7c5"}
,"/Users/gaba/Documents/GABA/BOOTCAMP LABORATORIA /PROYECTOS/DEV001-notes/lab-notes/src/Function_Firebase/Alert.js": {"path":"/Users/gaba/Documents/GABA/BOOTCAMP LABORATORIA /PROYECTOS/DEV001-notes/lab-notes/src/Function_Firebase/Alert.js","statementMap":{"0":{"start":{"line":3,"column":26},"end":{"line":6,"column":3}},"1":{"start":{"line":4,"column":4},"end":{"line":4,"column":35}},"2":{"start":{"line":5,"column":4},"end":{"line":5,"column":33}}},"fnMap":{"0":{"name":"(anonymous_0)","decl":{"start":{"line":3,"column":26},"end":{"line":3,"column":27}},"loc":{"start":{"line":3,"column":47},"end":{"line":6,"column":3}},"line":3}},"branchMap":{},"s":{"0":2,"1":0,"2":0},"f":{"0":0},"b":{},"_coverageSchema":"1a1c01bbd47fc00a2c39e90264f33305004495a9","hash":"0a211f09fcbd24e8904a713d4b52ca507178b476"}
,"/Users/gaba/Documents/GABA/BOOTCAMP LABORATORIA /PROYECTOS/DEV001-notes/lab-notes/src/Function_Firebase/CreateNote.js": {"path":"/Users/gaba/Documents/GABA/BOOTCAMP LABORATORIA /PROYECTOS/DEV001-notes/lab-notes/src/Function_Firebase/CreateNote.js","statementMap":{"0":{"start":{"line":5,"column":19},"end":{"line":13,"column":1}},"1":{"start":{"line":6,"column":4},"end":{"line":12,"column":5}},"2":{"start":{"line":7,"column":32},"end":{"line":7,"column":55}},"3":{"start":{"line":8,"column":24},"end":{"line":8,"column":59}},"4":{"start":{"line":9,"column":8},"end":{"line":9,"column":29}},"5":{"start":{"line":11,"column":8},"end":{"line":11,"column":27}}},"fnMap":{"0":{"name":"(anonymous_0)","decl":{"start":{"line":5,"column":19},"end":{"line":5,"column":20}},"loc":{"start":{"line":5,"column":35},"end":{"line":13,"column":1}},"line":5}},"branchMap":{},"s":{"0":2,"1":0,"2":0,"3":0,"4":0,"5":0},"f":{"0":0},"b":{},"_coverageSchema":"1a1c01bbd47fc00a2c39e90264f33305004495a9","hash":"2d2362b4be116ba29deb804709a631cf81fba34b"}
,"/Users/gaba/Documents/GABA/BOOTCAMP LABORATORIA /PROYECTOS/DEV001-notes/lab-notes/src/Function_Firebase/EditNote.js": {"path":"/Users/gaba/Documents/GABA/BOOTCAMP LABORATORIA /PROYECTOS/DEV001-notes/lab-notes/src/Function_Firebase/EditNote.js","statementMap":{"0":{"start":{"line":5,"column":17},"end":{"line":14,"column":1}},"1":{"start":{"line":6,"column":4},"end":{"line":13,"column":5}},"2":{"start":{"line":7,"column":28},"end":{"line":7,"column":51}},"3":{"start":{"line":8,"column":23},"end":{"line":8,"column":47}},"4":{"start":{"line":9,"column":22},"end":{"line":9,"column":66}},"5":{"start":{"line":10,"column":4},"end":{"line":10,"column":21}},"6":{"start":{"line":12,"column":8},"end":{"line":12,"column":26}}},"fnMap":{"0":{"name":"(anonymous_0)","decl":{"start":{"line":5,"column":17},"end":{"line":5,"column":18}},"loc":{"start":{"line":5,"column":35},"end":{"line":14,"column":1}},"line":5}},"branchMap":{},"s":{"0":2,"1":0,"2":0,"3":0,"4":0,"5":0,"6":0},"f":{"0":0},"b":{},"_coverageSchema":"1a1c01bbd47fc00a2c39e90264f33305004495a9","hash":"e214622822a6a9fc1ae50ce314c0cebfc1daee4a"}
,"/Users/gaba/Documents/GABA/BOOTCAMP LABORATORIA /PROYECTOS/DEV001-notes/lab-notes/src/Function_Firebase/LogGoogle.js": {"path":"/Users/gaba/Documents/GABA/BOOTCAMP LABORATORIA /PROYECTOS/DEV001-notes/lab-notes/src/Function_Firebase/LogGoogle.js","statementMap":{"0":{"start":{"line":8,"column":24},"end":{"line":15,"column":1}},"1":{"start":{"line":9,"column":4},"end":{"line":14,"column":5}},"2":{"start":{"line":10,"column":21},"end":{"line":10,"column":45}},"3":{"start":{"line":11,"column":4},"end":{"line":11,"column":40}},"4":{"start":{"line":13,"column":8},"end":{"line":13,"column":27}}},"fnMap":{"0":{"name":"(anonymous_0)","decl":{"start":{"line":8,"column":24},"end":{"line":8,"column":25}},"loc":{"start":{"line":8,"column":36},"end":{"line":15,"column":1}},"line":8}},"branchMap":{},"s":{"0":2,"1":0,"2":0,"3":0,"4":0},"f":{"0":0},"b":{},"_coverageSchema":"1a1c01bbd47fc00a2c39e90264f33305004495a9","hash":"78d7daa6cef8c1ca6dd0ae4f719cea14e00cfe02"}
,"/Users/gaba/Documents/GABA/BOOTCAMP LABORATORIA /PROYECTOS/DEV001-notes/lab-notes/src/Function_Firebase/LogOut.js": {"path":"/Users/gaba/Documents/GABA/BOOTCAMP LABORATORIA /PROYECTOS/DEV001-notes/lab-notes/src/Function_Firebase/LogOut.js","statementMap":{"0":{"start":{"line":4,"column":15},"end":{"line":10,"column":1}},"1":{"start":{"line":5,"column":4},"end":{"line":9,"column":5}},"2":{"start":{"line":6,"column":8},"end":{"line":6,"column":28}},"3":{"start":{"line":8,"column":8},"end":{"line":8,"column":27}}},"fnMap":{"0":{"name":"(anonymous_0)","decl":{"start":{"line":4,"column":15},"end":{"line":4,"column":16}},"loc":{"start":{"line":4,"column":26},"end":{"line":10,"column":1}},"line":4}},"branchMap":{},"s":{"0":1,"1":0,"2":0,"3":0},"f":{"0":0},"b":{},"_coverageSchema":"1a1c01bbd47fc00a2c39e90264f33305004495a9","hash":"e52aa5dd04d43139af3d8f1dcea933cfedda4418"}
,"/Users/gaba/Documents/GABA/BOOTCAMP LABORATORIA /PROYECTOS/DEV001-notes/lab-notes/src/Function_Firebase/ReadAllNotes.js": {"path":"/Users/gaba/Documents/GABA/BOOTCAMP LABORATORIA /PROYECTOS/DEV001-notes/lab-notes/src/Function_Firebase/ReadAllNotes.js","statementMap":{"0":{"start":{"line":4,"column":21},"end":{"line":19,"column":1}},"1":{"start":{"line":5,"column":4},"end":{"line":18,"column":5}},"2":{"start":{"line":6,"column":28},"end":{"line":6,"column":51}},"3":{"start":{"line":7,"column":26},"end":{"line":7,"column":56}},"4":{"start":{"line":9,"column":20},"end":{"line":14,"column":6}},"5":{"start":{"line":10,"column":4},"end":{"line":13,"column":5}},"6":{"start":{"line":15,"column":4},"end":{"line":15,"column":23}},"7":{"start":{"line":17,"column":8},"end":{"line":17,"column":27}}},"fnMap":{"0":{"name":"(anonymous_0)","decl":{"start":{"line":4,"column":21},"end":{"line":4,"column":22}},"loc":{"start":{"line":4,"column":32},"end":{"line":19,"column":1}},"line":4},"1":{"name":"(anonymous_1)","decl":{"start":{"line":9,"column":43},"end":{"line":9,"column":44}},"loc":{"start":{"line":9,"column":48},"end":{"line":14,"column":5}},"line":9}},"branchMap":{},"s":{"0":1,"1":0,"2":0,"3":0,"4":0,"5":0,"6":0,"7":0},"f":{"0":0,"1":0},"b":{},"_coverageSchema":"1a1c01bbd47fc00a2c39e90264f33305004495a9","hash":"3d17f1a463afe884a6a49aebebac4b787262d008"}
,"/Users/gaba/Documents/GABA/BOOTCAMP LABORATORIA /PROYECTOS/DEV001-notes/lab-notes/src/Function_Firebase/Register.js": {"path":"/Users/gaba/Documents/GABA/BOOTCAMP LABORATORIA /PROYECTOS/DEV001-notes/lab-notes/src/Function_Firebase/Register.js","statementMap":{"0":{"start":{"line":5,"column":15},"end":{"line":22,"column":1}},"1":{"start":{"line":6,"column":4},"end":{"line":21,"column":5}},"2":{"start":{"line":7,"column":21},"end":{"line":7,"column":80}},"3":{"start":{"line":8,"column":8},"end":{"line":8,"column":26}},"4":{"start":{"line":10,"column":26},"end":{"line":10,"column":36}},"5":{"start":{"line":11,"column":8},"end":{"line":13,"column":9}},"6":{"start":{"line":12,"column":12},"end":{"line":12,"column":77}},"7":{"start":{"line":14,"column":8},"end":{"line":16,"column":9}},"8":{"start":{"line":15,"column":12},"end":{"line":15,"column":57}},"9":{"start":{"line":17,"column":8},"end":{"line":19,"column":9}},"10":{"start":{"line":18,"column":12},"end":{"line":18,"column":88}}},"fnMap":{"0":{"name":"(anonymous_0)","decl":{"start":{"line":5,"column":15},"end":{"line":5,"column":16}},"loc":{"start":{"line":5,"column":42},"end":{"line":22,"column":1}},"line":5}},"branchMap":{"0":{"loc":{"start":{"line":11,"column":8},"end":{"line":13,"column":9}},"type":"if","locations":[{"start":{"line":11,"column":8},"end":{"line":13,"column":9}},{"start":{},"end":{}}],"line":11},"1":{"loc":{"start":{"line":14,"column":8},"end":{"line":16,"column":9}},"type":"if","locations":[{"start":{"line":14,"column":8},"end":{"line":16,"column":9}},{"start":{},"end":{}}],"line":14},"2":{"loc":{"start":{"line":17,"column":8},"end":{"line":19,"column":9}},"type":"if","locations":[{"start":{"line":17,"column":8},"end":{"line":19,"column":9}},{"start":{},"end":{}}],"line":17}},"s":{"0":2,"1":0,"2":0,"3":0,"4":0,"5":0,"6":0,"7":0,"8":0,"9":0,"10":0},"f":{"0":0},"b":{"0":[0,0],"1":[0,0],"2":[0,0]},"_coverageSchema":"1a1c01bbd47fc00a2c39e90264f33305004495a9","hash":"89ac30b4e20d2ed6d402ae4583c4b7a7ac18a192"}
,"/Users/gaba/Documents/GABA/BOOTCAMP LABORATORIA /PROYECTOS/DEV001-notes/lab-notes/src/Function_Firebase/RemoveNote.js": {"path":"/Users/gaba/Documents/GABA/BOOTCAMP LABORATORIA /PROYECTOS/DEV001-notes/lab-notes/src/Function_Firebase/RemoveNote.js","statementMap":{"0":{"start":{"line":4,"column":19},"end":{"line":15,"column":1}},"1":{"start":{"line":6,"column":4},"end":{"line":14,"column":5}},"2":{"start":{"line":7,"column":32},"end":{"line":7,"column":55}},"3":{"start":{"line":8,"column":27},"end":{"line":8,"column":51}},"4":{"start":{"line":9,"column":29},"end":{"line":9,"column":56}},"5":{"start":{"line":10,"column":8},"end":{"line":10,"column":26}},"6":{"start":{"line":11,"column":8},"end":{"line":11,"column":28}},"7":{"start":{"line":13,"column":8},"end":{"line":13,"column":25}}},"fnMap":{"0":{"name":"(anonymous_0)","decl":{"start":{"line":4,"column":19},"end":{"line":4,"column":20}},"loc":{"start":{"line":4,"column":47},"end":{"line":15,"column":1}},"line":4}},"branchMap":{},"s":{"0":2,"1":0,"2":0,"3":0,"4":0,"5":0,"6":0,"7":0},"f":{"0":0},"b":{},"_coverageSchema":"1a1c01bbd47fc00a2c39e90264f33305004495a9","hash":"1ce7fd719450cd8a35f8abf0872b484735f4dc5b"}
,"/Users/gaba/Documents/GABA/BOOTCAMP LABORATORIA /PROYECTOS/DEV001-notes/lab-notes/src/Function_Firebase/SignIn.js": {"path":"/Users/gaba/Documents/GABA/BOOTCAMP LABORATORIA /PROYECTOS/DEV001-notes/lab-notes/src/Function_Firebase/SignIn.js","statementMap":{"0":{"start":{"line":4,"column":15},"end":{"line":34,"column":1}},"1":{"start":{"line":5,"column":4},"end":{"line":33,"column":5}},"2":{"start":{"line":6,"column":21},"end":{"line":6,"column":76}},"3":{"start":{"line":7,"column":8},"end":{"line":7,"column":26}},"4":{"start":{"line":11,"column":8},"end":{"line":16,"column":9}},"5":{"start":{"line":12,"column":12},"end":{"line":15,"column":14}},"6":{"start":{"line":17,"column":8},"end":{"line":19,"column":9}},"7":{"start":{"line":18,"column":12},"end":{"line":18,"column":82}},"8":{"start":{"line":20,"column":8},"end":{"line":25,"column":9}},"9":{"start":{"line":21,"column":12},"end":{"line":24,"column":14}},"10":{"start":{"line":26,"column":8},"end":{"line":32,"column":9}},"11":{"start":{"line":27,"column":30},"end":{"line":27,"column":40}},"12":{"start":{"line":28,"column":12},"end":{"line":31,"column":14}}},"fnMap":{"0":{"name":"(anonymous_0)","decl":{"start":{"line":4,"column":15},"end":{"line":4,"column":16}},"loc":{"start":{"line":4,"column":42},"end":{"line":34,"column":1}},"line":4}},"branchMap":{"0":{"loc":{"start":{"line":11,"column":8},"end":{"line":16,"column":9}},"type":"if","locations":[{"start":{"line":11,"column":8},"end":{"line":16,"column":9}},{"start":{},"end":{}}],"line":11},"1":{"loc":{"start":{"line":17,"column":8},"end":{"line":19,"column":9}},"type":"if","locations":[{"start":{"line":17,"column":8},"end":{"line":19,"column":9}},{"start":{},"end":{}}],"line":17},"2":{"loc":{"start":{"line":20,"column":8},"end":{"line":25,"column":9}},"type":"if","locations":[{"start":{"line":20,"column":8},"end":{"line":25,"column":9}},{"start":{},"end":{}}],"line":20},"3":{"loc":{"start":{"line":26,"column":8},"end":{"line":32,"column":9}},"type":"if","locations":[{"start":{"line":26,"column":8},"end":{"line":32,"column":9}},{"start":{},"end":{}}],"line":26}},"s":{"0":2,"1":0,"2":0,"3":0,"4":0,"5":0,"6":0,"7":0,"8":0,"9":0,"10":0,"11":0,"12":0},"f":{"0":0},"b":{"0":[0,0],"1":[0,0],"2":[0,0],"3":[0,0]},"_coverageSchema":"1a1c01bbd47fc00a2c39e90264f33305004495a9","hash":"313ced8197784d62d0bd98fb05e50af7cb776159"}
,"/Users/gaba/Documents/GABA/BOOTCAMP LABORATORIA /PROYECTOS/DEV001-notes/lab-notes/src/Function_Firebase/dataFirebase.js": {"path":"/Users/gaba/Documents/GABA/BOOTCAMP LABORATORIA /PROYECTOS/DEV001-notes/lab-notes/src/Function_Firebase/dataFirebase.js","statementMap":{"0":{"start":{"line":11,"column":23},"end":{"line":19,"column":1}},"1":{"start":{"line":22,"column":12},"end":{"line":22,"column":41}},"2":{"start":{"line":24,"column":20},"end":{"line":24,"column":32}},"3":{"start":{"line":25,"column":18},"end":{"line":25,"column":35}}},"fnMap":{},"branchMap":{},"s":{"0":5,"1":5,"2":5,"3":5},"f":{},"b":{},"_coverageSchema":"1a1c01bbd47fc00a2c39e90264f33305004495a9","hash":"01058bc1a43a83bf45f903a25f9b202838842640"}
}
