{"/Users/gaba/Documents/GABA/BOOTCAMP LABORATORIA /PROYECTOS/DEV001-notes/lab-notes/src/App.jsx": {"path":"/Users/gaba/Documents/GABA/BOOTCAMP LABORATORIA /PROYECTOS/DEV001-notes/lab-notes/src/App.jsx","statementMap":{"0":{"start":{"line":21,"column":26},"end":{"line":21,"column":40}},"1":{"start":{"line":24,"column":0},"end":{"line":30,"column":3}},"2":{"start":{"line":25,"column":2},"end":{"line":29,"column":3}},"3":{"start":{"line":26,"column":0},"end":{"line":26,"column":22}},"4":{"start":{"line":28,"column":4},"end":{"line":28,"column":18}},"5":{"start":{"line":32,"column":2},"end":{"line":36,"column":1}}},"fnMap":{"0":{"name":"App","decl":{"start":{"line":19,"column":9},"end":{"line":19,"column":12}},"loc":{"start":{"line":19,"column":15},"end":{"line":37,"column":1}},"line":19},"1":{"name":"(anonymous_1)","decl":{"start":{"line":24,"column":25},"end":{"line":24,"column":26}},"loc":{"start":{"line":24,"column":41},"end":{"line":30,"column":1}},"line":24}},"branchMap":{"0":{"loc":{"start":{"line":25,"column":2},"end":{"line":29,"column":3}},"type":"if","locations":[{"start":{"line":25,"column":2},"end":{"line":29,"column":3}},{"start":{"line":27,"column":8},"end":{"line":29,"column":3}}],"line":25},"1":{"loc":{"start":{"line":34,"column":33},"end":{"line":34,"column":68}},"type":"cond-expr","locations":[{"start":{"line":34,"column":40},"end":{"line":34,"column":59}},{"start":{"line":34,"column":61},"end":{"line":34,"column":68}}],"line":34}},"s":{"0":1,"1":1,"2":1,"3":0,"4":1,"5":1},"f":{"0":1,"1":1},"b":{"0":[0,1],"1":[0,1]},"_coverageSchema":"1a1c01bbd47fc00a2c39e90264f33305004495a9","hash":"c9af9165601e61e7db3480f224c59cdf24ba8969"}
,"/Users/gaba/Documents/GABA/BOOTCAMP LABORATORIA /PROYECTOS/DEV001-notes/lab-notes/src/main.jsx": {"path":"/Users/gaba/Documents/GABA/BOOTCAMP LABORATORIA /PROYECTOS/DEV001-notes/lab-notes/src/main.jsx","statementMap":{"0":{"start":{"line":12,"column":0},"end":{"line":20,"column":1}}},"fnMap":{},"branchMap":{},"s":{"0":0},"f":{},"b":{}}
,"/Users/gaba/Documents/GABA/BOOTCAMP LABORATORIA /PROYECTOS/DEV001-notes/lab-notes/src/Components/EditNoteModal.jsx": {"path":"/Users/gaba/Documents/GABA/BOOTCAMP LABORATORIA /PROYECTOS/DEV001-notes/lab-notes/src/Components/EditNoteModal.jsx","statementMap":{"0":{"start":{"line":4,"column":22},"end":{"line":62,"column":1}},"1":{"start":{"line":6,"column":4},"end":{"line":8,"column":16}},"2":{"start":{"line":7,"column":8},"end":{"line":7,"column":27}},"3":{"start":{"line":10,"column":36},"end":{"line":10,"column":58}},"4":{"start":{"line":12,"column":26},"end":{"line":20,"column":5}},"5":{"start":{"line":13,"column":8},"end":{"line":13,"column":27}},"6":{"start":{"line":14,"column":8},"end":{"line":18,"column":11}},"7":{"start":{"line":15,"column":26},"end":{"line":15,"column":68}},"8":{"start":{"line":16,"column":12},"end":{"line":16,"column":30}},"9":{"start":{"line":17,"column":12},"end":{"line":17,"column":25}},"10":{"start":{"line":21,"column":4},"end":{"line":61,"column":5}},"11":{"start":{"line":32,"column":28},"end":{"line":35,"column":31}},"12":{"start":{"line":44,"column":28},"end":{"line":47,"column":31}}},"fnMap":{"0":{"name":"(anonymous_0)","decl":{"start":{"line":4,"column":22},"end":{"line":4,"column":23}},"loc":{"start":{"line":4,"column":54},"end":{"line":62,"column":1}},"line":4},"1":{"name":"(anonymous_1)","decl":{"start":{"line":6,"column":14},"end":{"line":6,"column":15}},"loc":{"start":{"line":6,"column":20},"end":{"line":8,"column":5}},"line":6},"2":{"name":"(anonymous_2)","decl":{"start":{"line":12,"column":26},"end":{"line":12,"column":27}},"loc":{"start":{"line":12,"column":33},"end":{"line":20,"column":5}},"line":12},"3":{"name":"(anonymous_3)","decl":{"start":{"line":14,"column":45},"end":{"line":14,"column":46}},"loc":{"start":{"line":14,"column":61},"end":{"line":18,"column":9}},"line":14},"4":{"name":"(anonymous_4)","decl":{"start":{"line":31,"column":34},"end":{"line":31,"column":35}},"loc":{"start":{"line":31,"column":39},"end":{"line":36,"column":25}},"line":31},"5":{"name":"(anonymous_5)","decl":{"start":{"line":43,"column":34},"end":{"line":43,"column":35}},"loc":{"start":{"line":43,"column":39},"end":{"line":48,"column":25}},"line":43}},"branchMap":{},"s":{"0":1,"1":0,"2":0,"3":0,"4":0,"5":0,"6":0,"7":0,"8":0,"9":0,"10":0,"11":0,"12":0},"f":{"0":0,"1":0,"2":0,"3":0,"4":0,"5":0},"b":{},"_coverageSchema":"1a1c01bbd47fc00a2c39e90264f33305004495a9","hash":"962fa03d32a80d44b5fecae960f3a8f69970bff2"}
,"/Users/gaba/Documents/GABA/BOOTCAMP LABORATORIA /PROYECTOS/DEV001-notes/lab-notes/src/Components/Home.jsx": {"path":"/Users/gaba/Documents/GABA/BOOTCAMP LABORATORIA /PROYECTOS/DEV001-notes/lab-notes/src/Components/Home.jsx","statementMap":{"0":{"start":{"line":8,"column":13},"end":{"line":67,"column":1}},"1":{"start":{"line":10,"column":38},"end":{"line":10,"column":53}},"2":{"start":{"line":12,"column":26},"end":{"line":22,"column":5}},"3":{"start":{"line":13,"column":8},"end":{"line":13,"column":27}},"4":{"start":{"line":14,"column":22},"end":{"line":14,"column":42}},"5":{"start":{"line":15,"column":25},"end":{"line":15,"column":48}},"6":{"start":{"line":17,"column":8},"end":{"line":21,"column":9}},"7":{"start":{"line":18,"column":12},"end":{"line":18,"column":42}},"8":{"start":{"line":20,"column":12},"end":{"line":20,"column":42}},"9":{"start":{"line":23,"column":4},"end":{"line":66,"column":6}},"10":{"start":{"line":59,"column":35},"end":{"line":59,"column":59}}},"fnMap":{"0":{"name":"(anonymous_0)","decl":{"start":{"line":8,"column":13},"end":{"line":8,"column":14}},"loc":{"start":{"line":8,"column":19},"end":{"line":67,"column":1}},"line":8},"1":{"name":"(anonymous_1)","decl":{"start":{"line":12,"column":26},"end":{"line":12,"column":27}},"loc":{"start":{"line":12,"column":39},"end":{"line":22,"column":5}},"line":12},"2":{"name":"(anonymous_2)","decl":{"start":{"line":59,"column":29},"end":{"line":59,"column":30}},"loc":{"start":{"line":59,"column":35},"end":{"line":59,"column":59}},"line":59}},"branchMap":{"0":{"loc":{"start":{"line":17,"column":8},"end":{"line":21,"column":9}},"type":"if","locations":[{"start":{"line":17,"column":8},"end":{"line":21,"column":9}},{"start":{"line":19,"column":15},"end":{"line":21,"column":9}}],"line":17},"1":{"loc":{"start":{"line":27,"column":21},"end":{"line":27,"column":63}},"type":"cond-expr","locations":[{"start":{"line":27,"column":33},"end":{"line":27,"column":48}},{"start":{"line":27,"column":51},"end":{"line":27,"column":63}}],"line":27},"2":{"loc":{"start":{"line":49,"column":23},"end":{"line":49,"column":59}},"type":"cond-expr","locations":[{"start":{"line":49,"column":35},"end":{"line":49,"column":44}},{"start":{"line":49,"column":47},"end":{"line":49,"column":59}}],"line":49},"3":{"loc":{"start":{"line":60,"column":21},"end":{"line":62,"column":53}},"type":"cond-expr","locations":[{"start":{"line":61,"column":26},"end":{"line":61,"column":55}},{"start":{"line":62,"column":26},"end":{"line":62,"column":53}}],"line":60}},"s":{"0":1,"1":1,"2":1,"3":0,"4":0,"5":0,"6":0,"7":0,"8":0,"9":1,"10":0},"f":{"0":1,"1":0,"2":0},"b":{"0":[0,0],"1":[0,1],"2":[0,1],"3":[0,1]},"_coverageSchema":"1a1c01bbd47fc00a2c39e90264f33305004495a9","hash":"2da16eaaab9922dd1ca33971e05084168eb28757"}
,"/Users/gaba/Documents/GABA/BOOTCAMP LABORATORIA /PROYECTOS/DEV001-notes/lab-notes/src/Components/HomeItems.jsx": {"path":"/Users/gaba/Documents/GABA/BOOTCAMP LABORATORIA /PROYECTOS/DEV001-notes/lab-notes/src/Components/HomeItems.jsx","statementMap":{"0":{"start":{"line":3,"column":18},"end":{"line":12,"column":1}},"1":{"start":{"line":4,"column":4},"end":{"line":11,"column":5}}},"fnMap":{"0":{"name":"(anonymous_0)","decl":{"start":{"line":3,"column":18},"end":{"line":3,"column":19}},"loc":{"start":{"line":3,"column":28},"end":{"line":12,"column":1}},"line":3}},"branchMap":{},"s":{"0":1,"1":0},"f":{"0":0},"b":{},"_coverageSchema":"1a1c01bbd47fc00a2c39e90264f33305004495a9","hash":"f1cd5f56b40991fb05e0838a65aa9a8d6c0061e4"}
,"/Users/gaba/Documents/GABA/BOOTCAMP LABORATORIA /PROYECTOS/DEV001-notes/lab-notes/src/Components/Muro.jsx": {"path":"/Users/gaba/Documents/GABA/BOOTCAMP LABORATORIA /PROYECTOS/DEV001-notes/lab-notes/src/Components/Muro.jsx","statementMap":{"0":{"start":{"line":10,"column":13},"end":{"line":53,"column":1}},"1":{"start":{"line":11,"column":28},"end":{"line":19,"column":5}},"2":{"start":{"line":12,"column":8},"end":{"line":18,"column":15}},"3":{"start":{"line":14,"column":16},"end":{"line":14,"column":34}},"4":{"start":{"line":17,"column":16},"end":{"line":17,"column":27}},"5":{"start":{"line":20,"column":4},"end":{"line":22,"column":11}},"6":{"start":{"line":21,"column":8},"end":{"line":21,"column":26}},"7":{"start":{"line":24,"column":36},"end":{"line":24,"column":50}},"8":{"start":{"line":25,"column":44},"end":{"line":25,"column":58}},"9":{"start":{"line":27,"column":4},"end":{"line":51,"column":6}},"10":{"start":{"line":34,"column":24},"end":{"line":39,"column":26}}},"fnMap":{"0":{"name":"(anonymous_0)","decl":{"start":{"line":10,"column":13},"end":{"line":10,"column":14}},"loc":{"start":{"line":10,"column":23},"end":{"line":53,"column":1}},"line":10},"1":{"name":"(anonymous_1)","decl":{"start":{"line":11,"column":28},"end":{"line":11,"column":29}},"loc":{"start":{"line":11,"column":34},"end":{"line":19,"column":5}},"line":11},"2":{"name":"(anonymous_2)","decl":{"start":{"line":13,"column":18},"end":{"line":13,"column":19}},"loc":{"start":{"line":13,"column":27},"end":{"line":15,"column":13}},"line":13},"3":{"name":"(anonymous_3)","decl":{"start":{"line":16,"column":19},"end":{"line":16,"column":20}},"loc":{"start":{"line":16,"column":26},"end":{"line":18,"column":13}},"line":16},"4":{"name":"(anonymous_4)","decl":{"start":{"line":20,"column":14},"end":{"line":20,"column":15}},"loc":{"start":{"line":20,"column":20},"end":{"line":22,"column":5}},"line":20},"5":{"name":"(anonymous_5)","decl":{"start":{"line":33,"column":47},"end":{"line":33,"column":48}},"loc":{"start":{"line":34,"column":24},"end":{"line":39,"column":26}},"line":34}},"branchMap":{"0":{"loc":{"start":{"line":33,"column":21},"end":{"line":40,"column":22}},"type":"binary-expr","locations":[{"start":{"line":33,"column":21},"end":{"line":33,"column":29}},{"start":{"line":33,"column":34},"end":{"line":40,"column":21}}],"line":33},"1":{"loc":{"start":{"line":42,"column":21},"end":{"line":47,"column":21}},"type":"binary-expr","locations":[{"start":{"line":42,"column":21},"end":{"line":42,"column":33}},{"start":{"line":43,"column":24},"end":{"line":46,"column":26}}],"line":42}},"s":{"0":1,"1":0,"2":0,"3":0,"4":0,"5":0,"6":0,"7":0,"8":0,"9":0,"10":0},"f":{"0":0,"1":0,"2":0,"3":0,"4":0,"5":0},"b":{"0":[0,0],"1":[0,0]},"_coverageSchema":"1a1c01bbd47fc00a2c39e90264f33305004495a9","hash":"5b86d37fd3c86b96d61da24c2f12faac6ff246f2"}
,"/Users/gaba/Documents/GABA/BOOTCAMP LABORATORIA /PROYECTOS/DEV001-notes/lab-notes/src/Components/Navbar.jsx": {"path":"/Users/gaba/Documents/GABA/BOOTCAMP LABORATORIA /PROYECTOS/DEV001-notes/lab-notes/src/Components/Navbar.jsx","statementMap":{"0":{"start":{"line":5,"column":15},"end":{"line":19,"column":1}},"1":{"start":{"line":7,"column":4},"end":{"line":17,"column":6}}},"fnMap":{"0":{"name":"(anonymous_0)","decl":{"start":{"line":5,"column":15},"end":{"line":5,"column":16}},"loc":{"start":{"line":5,"column":27},"end":{"line":19,"column":1}},"line":5}},"branchMap":{},"s":{"0":1,"1":0},"f":{"0":0},"b":{},"_coverageSchema":"1a1c01bbd47fc00a2c39e90264f33305004495a9","hash":"58ab457bf86292d6d47d0e3fda5442d8ab694be2"}
,"/Users/gaba/Documents/GABA/BOOTCAMP LABORATORIA /PROYECTOS/DEV001-notes/lab-notes/src/Components/NoteForm.jsx": {"path":"/Users/gaba/Documents/GABA/BOOTCAMP LABORATORIA /PROYECTOS/DEV001-notes/lab-notes/src/Components/NoteForm.jsx","statementMap":{"0":{"start":{"line":4,"column":17},"end":{"line":47,"column":1}},"1":{"start":{"line":6,"column":26},"end":{"line":18,"column":5}},"2":{"start":{"line":7,"column":8},"end":{"line":7,"column":27}},"3":{"start":{"line":8,"column":21},"end":{"line":8,"column":40}},"4":{"start":{"line":9,"column":23},"end":{"line":9,"column":44}},"5":{"start":{"line":12,"column":21},"end":{"line":12,"column":37}},"6":{"start":{"line":13,"column":8},"end":{"line":13,"column":31}},"7":{"start":{"line":14,"column":8},"end":{"line":14,"column":57}},"8":{"start":{"line":15,"column":8},"end":{"line":15,"column":26}},"9":{"start":{"line":17,"column":8},"end":{"line":17,"column":26}},"10":{"start":{"line":19,"column":4},"end":{"line":45,"column":5}}},"fnMap":{"0":{"name":"(anonymous_0)","decl":{"start":{"line":4,"column":17},"end":{"line":4,"column":18}},"loc":{"start":{"line":4,"column":42},"end":{"line":47,"column":1}},"line":4},"1":{"name":"(anonymous_1)","decl":{"start":{"line":6,"column":26},"end":{"line":6,"column":27}},"loc":{"start":{"line":6,"column":39},"end":{"line":18,"column":5}},"line":6}},"branchMap":{},"s":{"0":1,"1":0,"2":0,"3":0,"4":0,"5":0,"6":0,"7":0,"8":0,"9":0,"10":0},"f":{"0":0,"1":0},"b":{},"_coverageSchema":"1a1c01bbd47fc00a2c39e90264f33305004495a9","hash":"e6f5cb1b52fe0a1978b0f2e358e43636c11d226d"}
,"/Users/gaba/Documents/GABA/BOOTCAMP LABORATORIA /PROYECTOS/DEV001-notes/lab-notes/src/Components/NotesPending.jsx": {"path":"/Users/gaba/Documents/GABA/BOOTCAMP LABORATORIA /PROYECTOS/DEV001-notes/lab-notes/src/Components/NotesPending.jsx","statementMap":{"0":{"start":{"line":4,"column":21},"end":{"line":36,"column":1}},"1":{"start":{"line":6,"column":26},"end":{"line":10,"column":5}},"2":{"start":{"line":7,"column":8},"end":{"line":7,"column":30}},"3":{"start":{"line":8,"column":22},"end":{"line":8,"column":65}},"4":{"start":{"line":9,"column":8},"end":{"line":9,"column":26}},"5":{"start":{"line":11,"column":23},"end":{"line":13,"column":5}},"6":{"start":{"line":15,"column":4},"end":{"line":35,"column":6}},"7":{"start":{"line":29,"column":26},"end":{"line":31,"column":14}},"8":{"start":{"line":30,"column":30},"end":{"line":30,"column":48}}},"fnMap":{"0":{"name":"(anonymous_0)","decl":{"start":{"line":4,"column":21},"end":{"line":4,"column":22}},"loc":{"start":{"line":4,"column":69},"end":{"line":36,"column":1}},"line":4},"1":{"name":"(anonymous_1)","decl":{"start":{"line":6,"column":26},"end":{"line":6,"column":27}},"loc":{"start":{"line":6,"column":32},"end":{"line":10,"column":5}},"line":6},"2":{"name":"(anonymous_2)","decl":{"start":{"line":11,"column":23},"end":{"line":11,"column":24}},"loc":{"start":{"line":11,"column":29},"end":{"line":13,"column":5}},"line":11},"3":{"name":"(anonymous_3)","decl":{"start":{"line":29,"column":21},"end":{"line":29,"column":22}},"loc":{"start":{"line":29,"column":25},"end":{"line":32,"column":9}},"line":29},"4":{"name":"(anonymous_4)","decl":{"start":{"line":30,"column":13},"end":{"line":30,"column":14}},"loc":{"start":{"line":30,"column":29},"end":{"line":31,"column":13}},"line":30}},"branchMap":{},"s":{"0":1,"1":0,"2":0,"3":0,"4":0,"5":0,"6":0,"7":0,"8":0},"f":{"0":0,"1":0,"2":0,"3":0,"4":0},"b":{},"_coverageSchema":"1a1c01bbd47fc00a2c39e90264f33305004495a9","hash":"eadbf6f14156425b2d8a4da35a223edbabd2e8df"}
,"/Users/gaba/Documents/GABA/BOOTCAMP LABORATORIA /PROYECTOS/DEV001-notes/lab-notes/src/Function_Firebase/Alert.js": {"path":"/Users/gaba/Documents/GABA/BOOTCAMP LABORATORIA /PROYECTOS/DEV001-notes/lab-notes/src/Function_Firebase/Alert.js","statementMap":{"0":{"start":{"line":3,"column":26},"end":{"line":6,"column":3}},"1":{"start":{"line":4,"column":4},"end":{"line":4,"column":35}},"2":{"start":{"line":5,"column":4},"end":{"line":5,"column":33}}},"fnMap":{"0":{"name":"(anonymous_0)","decl":{"start":{"line":3,"column":26},"end":{"line":3,"column":27}},"loc":{"start":{"line":3,"column":47},"end":{"line":6,"column":3}},"line":3}},"branchMap":{},"s":{"0":1,"1":0,"2":0},"f":{"0":0},"b":{},"_coverageSchema":"1a1c01bbd47fc00a2c39e90264f33305004495a9","hash":"0a211f09fcbd24e8904a713d4b52ca507178b476"}
,"/Users/gaba/Documents/GABA/BOOTCAMP LABORATORIA /PROYECTOS/DEV001-notes/lab-notes/src/Function_Firebase/CreateNote.js": {"path":"/Users/gaba/Documents/GABA/BOOTCAMP LABORATORIA /PROYECTOS/DEV001-notes/lab-notes/src/Function_Firebase/CreateNote.js","statementMap":{"0":{"start":{"line":5,"column":19},"end":{"line":13,"column":1}},"1":{"start":{"line":6,"column":4},"end":{"line":12,"column":5}},"2":{"start":{"line":7,"column":32},"end":{"line":7,"column":55}},"3":{"start":{"line":8,"column":24},"end":{"line":8,"column":59}},"4":{"start":{"line":9,"column":8},"end":{"line":9,"column":29}},"5":{"start":{"line":11,"column":8},"end":{"line":11,"column":27}}},"fnMap":{"0":{"name":"(anonymous_0)","decl":{"start":{"line":5,"column":19},"end":{"line":5,"column":20}},"loc":{"start":{"line":5,"column":35},"end":{"line":13,"column":1}},"line":5}},"branchMap":{},"s":{"0":1,"1":0,"2":0,"3":0,"4":0,"5":0},"f":{"0":0},"b":{},"_coverageSchema":"1a1c01bbd47fc00a2c39e90264f33305004495a9","hash":"2d2362b4be116ba29deb804709a631cf81fba34b"}
,"/Users/gaba/Documents/GABA/BOOTCAMP LABORATORIA /PROYECTOS/DEV001-notes/lab-notes/src/Function_Firebase/EditNote.js": {"path":"/Users/gaba/Documents/GABA/BOOTCAMP LABORATORIA /PROYECTOS/DEV001-notes/lab-notes/src/Function_Firebase/EditNote.js","statementMap":{"0":{"start":{"line":5,"column":17},"end":{"line":14,"column":1}},"1":{"start":{"line":6,"column":4},"end":{"line":13,"column":5}},"2":{"start":{"line":7,"column":28},"end":{"line":7,"column":51}},"3":{"start":{"line":8,"column":23},"end":{"line":8,"column":47}},"4":{"start":{"line":9,"column":22},"end":{"line":9,"column":66}},"5":{"start":{"line":10,"column":4},"end":{"line":10,"column":21}},"6":{"start":{"line":12,"column":8},"end":{"line":12,"column":26}}},"fnMap":{"0":{"name":"(anonymous_0)","decl":{"start":{"line":5,"column":17},"end":{"line":5,"column":18}},"loc":{"start":{"line":5,"column":35},"end":{"line":14,"column":1}},"line":5}},"branchMap":{},"s":{"0":1,"1":0,"2":0,"3":0,"4":0,"5":0,"6":0},"f":{"0":0},"b":{},"_coverageSchema":"1a1c01bbd47fc00a2c39e90264f33305004495a9","hash":"e214622822a6a9fc1ae50ce314c0cebfc1daee4a"}
,"/Users/gaba/Documents/GABA/BOOTCAMP LABORATORIA /PROYECTOS/DEV001-notes/lab-notes/src/Function_Firebase/LogGoogle.js": {"path":"/Users/gaba/Documents/GABA/BOOTCAMP LABORATORIA /PROYECTOS/DEV001-notes/lab-notes/src/Function_Firebase/LogGoogle.js","statementMap":{"0":{"start":{"line":8,"column":24},"end":{"line":15,"column":1}},"1":{"start":{"line":9,"column":4},"end":{"line":14,"column":5}},"2":{"start":{"line":10,"column":21},"end":{"line":10,"column":45}},"3":{"start":{"line":11,"column":4},"end":{"line":11,"column":40}},"4":{"start":{"line":13,"column":8},"end":{"line":13,"column":27}}},"fnMap":{"0":{"name":"(anonymous_0)","decl":{"start":{"line":8,"column":24},"end":{"line":8,"column":25}},"loc":{"start":{"line":8,"column":36},"end":{"line":15,"column":1}},"line":8}},"branchMap":{},"s":{"0":1,"1":0,"2":0,"3":0,"4":0},"f":{"0":0},"b":{},"_coverageSchema":"1a1c01bbd47fc00a2c39e90264f33305004495a9","hash":"78d7daa6cef8c1ca6dd0ae4f719cea14e00cfe02"}
,"/Users/gaba/Documents/GABA/BOOTCAMP LABORATORIA /PROYECTOS/DEV001-notes/lab-notes/src/Function_Firebase/LogOut.js": {"path":"/Users/gaba/Documents/GABA/BOOTCAMP LABORATORIA /PROYECTOS/DEV001-notes/lab-notes/src/Function_Firebase/LogOut.js","statementMap":{"0":{"start":{"line":4,"column":15},"end":{"line":10,"column":1}},"1":{"start":{"line":5,"column":4},"end":{"line":9,"column":5}},"2":{"start":{"line":6,"column":8},"end":{"line":6,"column":28}},"3":{"start":{"line":8,"column":8},"end":{"line":8,"column":27}}},"fnMap":{"0":{"name":"(anonymous_0)","decl":{"start":{"line":4,"column":15},"end":{"line":4,"column":16}},"loc":{"start":{"line":4,"column":26},"end":{"line":10,"column":1}},"line":4}},"branchMap":{},"s":{"0":1,"1":0,"2":0,"3":0},"f":{"0":0},"b":{},"_coverageSchema":"1a1c01bbd47fc00a2c39e90264f33305004495a9","hash":"e52aa5dd04d43139af3d8f1dcea933cfedda4418"}
,"/Users/gaba/Documents/GABA/BOOTCAMP LABORATORIA /PROYECTOS/DEV001-notes/lab-notes/src/Function_Firebase/ReadAllNotes.js": {"path":"/Users/gaba/Documents/GABA/BOOTCAMP LABORATORIA /PROYECTOS/DEV001-notes/lab-notes/src/Function_Firebase/ReadAllNotes.js","statementMap":{"0":{"start":{"line":4,"column":21},"end":{"line":19,"column":1}},"1":{"start":{"line":5,"column":4},"end":{"line":18,"column":5}},"2":{"start":{"line":6,"column":28},"end":{"line":6,"column":51}},"3":{"start":{"line":7,"column":26},"end":{"line":7,"column":56}},"4":{"start":{"line":9,"column":20},"end":{"line":14,"column":6}},"5":{"start":{"line":10,"column":4},"end":{"line":13,"column":5}},"6":{"start":{"line":15,"column":4},"end":{"line":15,"column":23}},"7":{"start":{"line":17,"column":8},"end":{"line":17,"column":27}}},"fnMap":{"0":{"name":"(anonymous_0)","decl":{"start":{"line":4,"column":21},"end":{"line":4,"column":22}},"loc":{"start":{"line":4,"column":32},"end":{"line":19,"column":1}},"line":4},"1":{"name":"(anonymous_1)","decl":{"start":{"line":9,"column":43},"end":{"line":9,"column":44}},"loc":{"start":{"line":9,"column":48},"end":{"line":14,"column":5}},"line":9}},"branchMap":{},"s":{"0":1,"1":0,"2":0,"3":0,"4":0,"5":0,"6":0,"7":0},"f":{"0":0,"1":0},"b":{},"_coverageSchema":"1a1c01bbd47fc00a2c39e90264f33305004495a9","hash":"3d17f1a463afe884a6a49aebebac4b787262d008"}
,"/Users/gaba/Documents/GABA/BOOTCAMP LABORATORIA /PROYECTOS/DEV001-notes/lab-notes/src/Function_Firebase/Register.js": {"path":"/Users/gaba/Documents/GABA/BOOTCAMP LABORATORIA /PROYECTOS/DEV001-notes/lab-notes/src/Function_Firebase/Register.js","statementMap":{"0":{"start":{"line":5,"column":15},"end":{"line":22,"column":1}},"1":{"start":{"line":6,"column":4},"end":{"line":21,"column":5}},"2":{"start":{"line":7,"column":21},"end":{"line":7,"column":80}},"3":{"start":{"line":8,"column":8},"end":{"line":8,"column":26}},"4":{"start":{"line":10,"column":26},"end":{"line":10,"column":36}},"5":{"start":{"line":11,"column":8},"end":{"line":13,"column":9}},"6":{"start":{"line":12,"column":12},"end":{"line":12,"column":77}},"7":{"start":{"line":14,"column":8},"end":{"line":16,"column":9}},"8":{"start":{"line":15,"column":12},"end":{"line":15,"column":57}},"9":{"start":{"line":17,"column":8},"end":{"line":19,"column":9}},"10":{"start":{"line":18,"column":12},"end":{"line":18,"column":88}}},"fnMap":{"0":{"name":"(anonymous_0)","decl":{"start":{"line":5,"column":15},"end":{"line":5,"column":16}},"loc":{"start":{"line":5,"column":42},"end":{"line":22,"column":1}},"line":5}},"branchMap":{"0":{"loc":{"start":{"line":11,"column":8},"end":{"line":13,"column":9}},"type":"if","locations":[{"start":{"line":11,"column":8},"end":{"line":13,"column":9}},{"start":{},"end":{}}],"line":11},"1":{"loc":{"start":{"line":14,"column":8},"end":{"line":16,"column":9}},"type":"if","locations":[{"start":{"line":14,"column":8},"end":{"line":16,"column":9}},{"start":{},"end":{}}],"line":14},"2":{"loc":{"start":{"line":17,"column":8},"end":{"line":19,"column":9}},"type":"if","locations":[{"start":{"line":17,"column":8},"end":{"line":19,"column":9}},{"start":{},"end":{}}],"line":17}},"s":{"0":1,"1":0,"2":0,"3":0,"4":0,"5":0,"6":0,"7":0,"8":0,"9":0,"10":0},"f":{"0":0},"b":{"0":[0,0],"1":[0,0],"2":[0,0]},"_coverageSchema":"1a1c01bbd47fc00a2c39e90264f33305004495a9","hash":"89ac30b4e20d2ed6d402ae4583c4b7a7ac18a192"}
,"/Users/gaba/Documents/GABA/BOOTCAMP LABORATORIA /PROYECTOS/DEV001-notes/lab-notes/src/Function_Firebase/RemoveNote.js": {"path":"/Users/gaba/Documents/GABA/BOOTCAMP LABORATORIA /PROYECTOS/DEV001-notes/lab-notes/src/Function_Firebase/RemoveNote.js","statementMap":{"0":{"start":{"line":4,"column":19},"end":{"line":14,"column":1}},"1":{"start":{"line":6,"column":4},"end":{"line":13,"column":5}},"2":{"start":{"line":7,"column":32},"end":{"line":7,"column":55}},"3":{"start":{"line":8,"column":27},"end":{"line":8,"column":51}},"4":{"start":{"line":9,"column":29},"end":{"line":9,"column":56}},"5":{"start":{"line":10,"column":8},"end":{"line":10,"column":28}},"6":{"start":{"line":12,"column":8},"end":{"line":12,"column":25}}},"fnMap":{"0":{"name":"(anonymous_0)","decl":{"start":{"line":4,"column":19},"end":{"line":4,"column":20}},"loc":{"start":{"line":4,"column":31},"end":{"line":14,"column":1}},"line":4}},"branchMap":{},"s":{"0":1,"1":0,"2":0,"3":0,"4":0,"5":0,"6":0},"f":{"0":0},"b":{},"_coverageSchema":"1a1c01bbd47fc00a2c39e90264f33305004495a9","hash":"2151395b86b755c91c43277841b98f93bbcbf6e4"}
,"/Users/gaba/Documents/GABA/BOOTCAMP LABORATORIA /PROYECTOS/DEV001-notes/lab-notes/src/Function_Firebase/SignIn.js": {"path":"/Users/gaba/Documents/GABA/BOOTCAMP LABORATORIA /PROYECTOS/DEV001-notes/lab-notes/src/Function_Firebase/SignIn.js","statementMap":{"0":{"start":{"line":4,"column":15},"end":{"line":34,"column":1}},"1":{"start":{"line":5,"column":4},"end":{"line":33,"column":5}},"2":{"start":{"line":6,"column":21},"end":{"line":6,"column":76}},"3":{"start":{"line":7,"column":8},"end":{"line":7,"column":26}},"4":{"start":{"line":11,"column":8},"end":{"line":16,"column":9}},"5":{"start":{"line":12,"column":12},"end":{"line":15,"column":14}},"6":{"start":{"line":17,"column":8},"end":{"line":19,"column":9}},"7":{"start":{"line":18,"column":12},"end":{"line":18,"column":82}},"8":{"start":{"line":20,"column":8},"end":{"line":25,"column":9}},"9":{"start":{"line":21,"column":12},"end":{"line":24,"column":14}},"10":{"start":{"line":26,"column":8},"end":{"line":32,"column":9}},"11":{"start":{"line":27,"column":30},"end":{"line":27,"column":40}},"12":{"start":{"line":28,"column":12},"end":{"line":31,"column":14}}},"fnMap":{"0":{"name":"(anonymous_0)","decl":{"start":{"line":4,"column":15},"end":{"line":4,"column":16}},"loc":{"start":{"line":4,"column":42},"end":{"line":34,"column":1}},"line":4}},"branchMap":{"0":{"loc":{"start":{"line":11,"column":8},"end":{"line":16,"column":9}},"type":"if","locations":[{"start":{"line":11,"column":8},"end":{"line":16,"column":9}},{"start":{},"end":{}}],"line":11},"1":{"loc":{"start":{"line":17,"column":8},"end":{"line":19,"column":9}},"type":"if","locations":[{"start":{"line":17,"column":8},"end":{"line":19,"column":9}},{"start":{},"end":{}}],"line":17},"2":{"loc":{"start":{"line":20,"column":8},"end":{"line":25,"column":9}},"type":"if","locations":[{"start":{"line":20,"column":8},"end":{"line":25,"column":9}},{"start":{},"end":{}}],"line":20},"3":{"loc":{"start":{"line":26,"column":8},"end":{"line":32,"column":9}},"type":"if","locations":[{"start":{"line":26,"column":8},"end":{"line":32,"column":9}},{"start":{},"end":{}}],"line":26}},"s":{"0":1,"1":0,"2":0,"3":0,"4":0,"5":0,"6":0,"7":0,"8":0,"9":0,"10":0,"11":0,"12":0},"f":{"0":0},"b":{"0":[0,0],"1":[0,0],"2":[0,0],"3":[0,0]},"_coverageSchema":"1a1c01bbd47fc00a2c39e90264f33305004495a9","hash":"313ced8197784d62d0bd98fb05e50af7cb776159"}
,"/Users/gaba/Documents/GABA/BOOTCAMP LABORATORIA /PROYECTOS/DEV001-notes/lab-notes/src/Function_Firebase/dataFirebase.js": {"path":"/Users/gaba/Documents/GABA/BOOTCAMP LABORATORIA /PROYECTOS/DEV001-notes/lab-notes/src/Function_Firebase/dataFirebase.js","statementMap":{"0":{"start":{"line":11,"column":23},"end":{"line":19,"column":1}},"1":{"start":{"line":22,"column":12},"end":{"line":22,"column":41}},"2":{"start":{"line":24,"column":20},"end":{"line":24,"column":32}},"3":{"start":{"line":25,"column":18},"end":{"line":25,"column":35}}},"fnMap":{},"branchMap":{},"s":{"0":1,"1":1,"2":1,"3":1},"f":{},"b":{},"_coverageSchema":"1a1c01bbd47fc00a2c39e90264f33305004495a9","hash":"01058bc1a43a83bf45f903a25f9b202838842640"}
}
